<?xml version="1.0" encoding="UTF-8"?>
<testng-results skipped="0" failed="0" ignored="0" total="1" passed="1">
  <reporter-output>
  </reporter-output>
  <suite name="Suite1" duration-ms="61491" started-at="2020-01-29T06:15:27Z" finished-at="2020-01-29T06:16:29Z">
    <groups>
    </groups>
    <test name="Regression1" duration-ms="61491" started-at="2020-01-29T06:15:27Z" finished-at="2020-01-29T06:16:29Z">
      <class name="com.crm.qa.testcases.e2eTestCase">
        <test-method status="PASS" signature="openBroswer()[pri:0, instance:com.crm.qa.testcases.e2eTestCase@28d25987]" name="openBroswer" is-config="true" duration-ms="19492" started-at="2020-01-29T11:45:27Z" finished-at="2020-01-29T11:45:47Z">
          <reporter-output>
          </reporter-output>
        </test-method> <!-- openBroswer -->
        <test-method status="PASS" signature="e2eTest()[pri:0, instance:com.crm.qa.testcases.e2eTestCase@28d25987]" name="e2eTest" duration-ms="41248" started-at="2020-01-29T11:45:47Z" finished-at="2020-01-29T11:46:28Z">
          <reporter-output>
          </reporter-output>
        </test-method> <!-- e2eTest -->
        <test-method status="PASS" signature="closeBrowser()[pri:0, instance:com.crm.qa.testcases.e2eTestCase@28d25987]" name="closeBrowser" is-config="true" duration-ms="731" started-at="2020-01-29T11:46:28Z" finished-at="2020-01-29T11:46:29Z">
          <reporter-output>
          </reporter-output>
        </test-method> <!-- closeBrowser -->
      </class> <!-- com.crm.qa.testcases.e2eTestCase -->
    </test> <!-- Regression1 -->
  </suite> <!-- Suite1 -->
</testng-results>
